<?xml version="1.0" encoding="UTF-8"?>
<testsuites>
  <testsuite name="CodeIgniter Application Test Suite" tests="3" assertions="1" failures="0" errors="2" time="0.043260">
    <testsuite name="Welcome_test" file="C:\xampp\htdocs\application\tests\controllers\Welcome_test.php" tests="1" assertions="1" failures="0" errors="0" time="0.039456">
      <testcase name="test_index" class="Welcome_test" file="C:\xampp\htdocs\application\tests\controllers\Welcome_test.php" line="5" assertions="1" time="0.039456"/>
    </testsuite>
    <testsuite name="Inventory_model_test" file="C:\xampp\htdocs\application\tests\models\Inventory_model_test.php" tests="2" assertions="0" failures="0" errors="2" time="0.003804">
      <testcase name="test_get_category_list" class="Inventory_model_test" file="C:\xampp\htdocs\application\tests\models\Inventory_model_test.php" line="12" assertions="0" time="0.001990">
        <error type="PHPUnit_Framework_ExceptionWrapper">Inventory_model_test::test_get_category_list
RuntimeException: Unable to locate the model you have specified: Inventory_model

C:\xampp\htdocs\application\tests\_ci_phpunit_test\replacing\core\Loader.php:346
C:\xampp\htdocs\application\tests\models\Inventory_model_test.php:8
</error>
      </testcase>
      <testcase name="test_get_category_name" class="Inventory_model_test" file="C:\xampp\htdocs\application\tests\models\Inventory_model_test.php" line="25" assertions="0" time="0.001814">
        <error type="PHPUnit_Framework_ExceptionWrapper">Inventory_model_test::test_get_category_name
RuntimeException: Unable to locate the model you have specified: Inventory_model

C:\xampp\htdocs\application\tests\_ci_phpunit_test\replacing\core\Loader.php:346
C:\xampp\htdocs\application\tests\models\Inventory_model_test.php:8
</error>
      </testcase>
    </testsuite>
  </testsuite>
</testsuites>
